2025-11-28 15:58:58.298 INFO  c.k.k.c.l.logback.LogbackConfigurator    - Logback default configuration initialized from: C:\Users\tam14\.katalon\packages\KSE-10.4.0\configuration\org.eclipse.osgi\131\0\.cp\resources\logback\logback-execution.xml
2025-11-28 15:58:58.302 INFO  c.k.k.c.l.logback.LogbackConfigurator    - Logback custom configuration initialized from: C:\Users\tam14\Katalon Studio\tester assignment midtern\Include\config\log.properties
2025-11-28 15:58:58.785 INFO  c.k.katalon.core.main.TestSuiteExecutor  - START Test Suites/midtern-product-detail
2025-11-28 15:58:58.883 INFO  c.k.katalon.core.main.TestSuiteExecutor  - userFullName = Lê Thanh Tâm
2025-11-28 15:58:58.884 INFO  c.k.katalon.core.main.TestSuiteExecutor  - projectName = shopping-cart-tests
2025-11-28 15:58:58.885 INFO  c.k.katalon.core.main.TestSuiteExecutor  - hostName = tam14 - thanh_tam
2025-11-28 15:58:58.886 INFO  c.k.katalon.core.main.TestSuiteExecutor  - os = Windows 11 64bit
2025-11-28 15:58:58.887 INFO  c.k.katalon.core.main.TestSuiteExecutor  - hostAddress = 10.51.143.179
2025-11-28 15:58:58.888 INFO  c.k.katalon.core.main.TestSuiteExecutor  - katalonVersion = 10.4.0.0
2025-11-28 15:58:59.567 INFO  c.k.katalon.core.main.TestCaseExecutor   - --------------------
2025-11-28 15:58:59.567 INFO  c.k.katalon.core.main.TestCaseExecutor   - START Test Cases/midtern/product-Detail/canClickProduct
2025-11-28 15:58:59.754 DEBUG testcase.canClickProduct                 - 1: openBrowser("")
2025-11-28 15:59:00.123 INFO  c.k.k.core.webui.driver.DriverFactory    - Starting 'Chrome' driver
2025-11-28 15:59:00.133 INFO  c.k.k.c.w.util.WebDriverPropertyUtil     - User set preference: ['prefs', '{profile.password_manager_leak_detection=false}']
2025-11-28 15:59:00.196 INFO  c.k.k.core.webui.driver.DriverFactory    - Action delay is set to 0 milliseconds
Nov 28, 2025 3:59:01 PM org.openqa.selenium.devtools.CdpVersionFinder findNearestMatch
WARNING: Unable to find an exact match for CDP version 142, returning the closest version; found: 138; Please update to a Selenium version that supports CDP version 142
2025-11-28 15:59:02.167 INFO  c.k.k.core.webui.driver.DriverFactory    - sessionId = b48191055c39eb43767aee437b84fe94
2025-11-28 15:59:02.168 INFO  c.k.k.core.webui.driver.DriverFactory    - browser = Chrome 142.0.7444.176
2025-11-28 15:59:02.169 INFO  c.k.k.core.webui.driver.DriverFactory    - platform = Windows 11
2025-11-28 15:59:02.170 INFO  c.k.k.core.webui.driver.DriverFactory    - seleniumVersion = 4.28.1
2025-11-28 15:59:02.183 INFO  c.k.k.core.webui.driver.DriverFactory    - proxyInformation = ProxyInformation { proxyOption=NO_PROXY, proxyServerType=HTTP, username=, password=********, proxyServerAddress=, proxyServerPort=0, executionList="", isApplyToDesiredCapabilities=true }
2025-11-28 15:59:02.242 DEBUG testcase.canClickProduct                 - 2: navigateToUrl("https://aristino.com/collections/trang-phuc")
2025-11-28 15:59:54.630 DEBUG testcase.canClickProduct                 - 3: alertObj = findTestObject("Object Repository/midtern/Page_Register/Page_alert/alert_nitification")
2025-11-28 15:59:54.720 DEBUG testcase.canClickProduct                 - 4: btnAllow = findTestObject("Object Repository/midtern/Page_Register/Page_alert/button_chophep")
2025-11-28 15:59:54.734 DEBUG testcase.canClickProduct                 - 5: btnCloseAd = findTestObject("Object Repository/midtern/Page_Register/Page_adventis/btn_closeAd")
2025-11-28 15:59:54.745 DEBUG testcase.canClickProduct                 - 6: if (waitForElementVisible(alertObj, 5, OPTIONAL))
2025-11-28 15:59:55.639 DEBUG testcase.canClickProduct                 - 1: click(btnAllow)
2025-11-28 15:59:56.226 DEBUG testcase.canClickProduct                 - 2: println("Đã click nút Cho phép.")
Đã click nút Cho phép.
2025-11-28 15:59:56.235 DEBUG testcase.canClickProduct                 - 7: if (waitForElementVisible(btnCloseAd, 5, OPTIONAL))
2025-11-28 15:59:56.300 DEBUG testcase.canClickProduct                 - 1: click(btnCloseAd)
2025-11-28 15:59:56.500 DEBUG testcase.canClickProduct                 - 2: println("Đã tắt quảng cáo.")
Đã tắt quảng cáo.
2025-11-28 15:59:56.507 DEBUG testcase.canClickProduct                 - 8: click(findTestObject("Object Repository/midtern/Page_home/product"))
2025-11-28 16:00:07.372 DEBUG testcase.canClickProduct                 - 9: if (waitForElementVisible(alertObj, 5, OPTIONAL))
2025-11-28 16:00:10.706 DEBUG testcase.canClickProduct                 - 1: click(btnAllow)
2025-11-28 16:00:11.081 DEBUG testcase.canClickProduct                 - 2: println("Đã click nút Cho phép.")
Đã click nút Cho phép.
2025-11-28 16:00:11.086 DEBUG testcase.canClickProduct                 - 10: if (waitForElementVisible(btnCloseAd, 5, OPTIONAL))
2025-11-28 16:00:11.126 DEBUG testcase.canClickProduct                 - 1: click(btnCloseAd)
2025-11-28 16:00:11.315 DEBUG testcase.canClickProduct                 - 2: println("Đã tắt quảng cáo.")
Đã tắt quảng cáo.
2025-11-28 16:00:11.320 DEBUG testcase.canClickProduct                 - 11: verifyElementText(findTestObject("Object Repository/midtern/Page_product-detail/button_addtocart"), "ĐẶT HÀNG TRƯỚC")
2025-11-28 16:00:11.401 DEBUG testcase.canClickProduct                 - 12: verifyElementClickable(findTestObject("midtern/Page_product-detail/size_S"))
2025-11-28 16:00:11.866 DEBUG testcase.canClickProduct                 - 13: verifyElementClickable(findTestObject("midtern/Page_product-detail/size_M"))
2025-11-28 16:00:12.197 DEBUG testcase.canClickProduct                 - 14: verifyElementClickable(findTestObject("midtern/Page_product-detail/size_L"))
2025-11-28 16:00:12.499 DEBUG testcase.canClickProduct                 - 15: verifyElementClickable(findTestObject("midtern/Page_product-detail/size_XL"))
2025-11-28 16:00:12.799 DEBUG testcase.canClickProduct                 - 16: verifyElementClickable(findTestObject("midtern/Page_product-detail/size_XXL"))
2025-11-28 16:00:13.092 DEBUG testcase.canClickProduct                 - 17: verifyElementVisible(findTestObject("midtern/Page_product-detail/div_image"))
2025-11-28 16:00:13.144 DEBUG testcase.canClickProduct                 - 18: verifyElementVisible(findTestObject("midtern/Page_product-detail/div_image"))
2025-11-28 16:00:13.186 DEBUG testcase.canClickProduct                 - 19: click(findTestObject("midtern/Page_product-detail/div_image"))
2025-11-28 16:00:13.352 INFO  c.k.katalon.core.main.TestCaseExecutor   - END Test Cases/midtern/product-Detail/canClickProduct
2025-11-28 16:00:13.359 INFO  c.k.katalon.core.main.TestCaseExecutor   - --------------------
2025-11-28 16:00:13.359 INFO  c.k.katalon.core.main.TestCaseExecutor   - START Test Cases/midtern/product-Detail/add-to-cart-from-pd
2025-11-28 16:00:13.472 DEBUG testcase.add-to-cart-from-pd             - 1: click(findTestObject("Object Repository/midtern/Page_productp/label_chose_color"))
2025-11-28 16:00:13.681 DEBUG testcase.add-to-cart-from-pd             - 2: click(findTestObject("Object Repository/midtern/Page_productp/lsize_M"))
2025-11-28 16:00:14.286 DEBUG testcase.add-to-cart-from-pd             - 3: click(findTestObject("Object Repository/midtern/Page_productp/saddtocart"))
2025-11-28 16:00:14.913 DEBUG testcase.add-to-cart-from-pd             - 4: verifyElementText(findTestObject("Object Repository/midtern/Page_productp/titleGiohang"), "GIỎ HÀNG")
2025-11-28 16:00:18.000 DEBUG testcase.add-to-cart-from-pd             - 5: click(findTestObject("Object Repository/midtern/Page_productp/add1"))
2025-11-28 16:00:18.397 DEBUG testcase.add-to-cart-from-pd             - 6: click(findTestObject("midtern/Page_product-detail/sclose_cart"))
2025-11-28 16:00:18.995 INFO  c.k.katalon.core.main.TestCaseExecutor   - END Test Cases/midtern/product-Detail/add-to-cart-from-pd
2025-11-28 16:00:19.347 INFO  c.k.katalon.core.main.TestSuiteExecutor  - --------------------
2025-11-28 16:00:19.347 INFO  c.k.katalon.core.main.TestSuiteExecutor  - END Test Suites/midtern-product-detail
2025-11-28 16:00:19.347 INFO  c.k.katalon.core.main.TestSuiteExecutor  - ====================
