2025-11-28 15:56:29.431 INFO  c.k.k.c.l.logback.LogbackConfigurator    - Logback default configuration initialized from: C:\Users\tam14\.katalon\packages\KSE-10.4.0\configuration\org.eclipse.osgi\131\0\.cp\resources\logback\logback-execution.xml
2025-11-28 15:56:29.435 INFO  c.k.k.c.l.logback.LogbackConfigurator    - Logback custom configuration initialized from: C:\Users\tam14\Katalon Studio\tester assignment midtern\Include\config\log.properties
2025-11-28 15:56:29.937 INFO  c.k.katalon.core.main.TestSuiteExecutor  - START Test Suites/midtern-product-detail
2025-11-28 15:56:30.018 INFO  c.k.katalon.core.main.TestSuiteExecutor  - userFullName = Lê Thanh Tâm
2025-11-28 15:56:30.019 INFO  c.k.katalon.core.main.TestSuiteExecutor  - projectName = shopping-cart-tests
2025-11-28 15:56:30.020 INFO  c.k.katalon.core.main.TestSuiteExecutor  - hostName = tam14 - thanh_tam
2025-11-28 15:56:30.021 INFO  c.k.katalon.core.main.TestSuiteExecutor  - os = Windows 11 64bit
2025-11-28 15:56:30.021 INFO  c.k.katalon.core.main.TestSuiteExecutor  - hostAddress = 10.51.143.179
2025-11-28 15:56:30.022 INFO  c.k.katalon.core.main.TestSuiteExecutor  - katalonVersion = 10.4.0.0
2025-11-28 15:56:30.699 INFO  c.k.katalon.core.main.TestCaseExecutor   - --------------------
2025-11-28 15:56:30.699 INFO  c.k.katalon.core.main.TestCaseExecutor   - START Test Cases/midtern/product-Detail/canClickProduct
2025-11-28 15:56:30.890 DEBUG testcase.canClickProduct                 - 1: openBrowser("")
2025-11-28 15:56:31.248 INFO  c.k.k.core.webui.driver.DriverFactory    - Starting 'Chrome' driver
2025-11-28 15:56:31.257 INFO  c.k.k.c.w.util.WebDriverPropertyUtil     - User set preference: ['prefs', '{profile.password_manager_leak_detection=false}']
2025-11-28 15:56:31.326 INFO  c.k.k.core.webui.driver.DriverFactory    - Action delay is set to 0 milliseconds
Nov 28, 2025 3:56:32 PM org.openqa.selenium.devtools.CdpVersionFinder findNearestMatch
WARNING: Unable to find an exact match for CDP version 142, returning the closest version; found: 138; Please update to a Selenium version that supports CDP version 142
2025-11-28 15:56:33.424 INFO  c.k.k.core.webui.driver.DriverFactory    - sessionId = a2fb107ddc033c2d6da4de9817376a5b
2025-11-28 15:56:33.425 INFO  c.k.k.core.webui.driver.DriverFactory    - browser = Chrome 142.0.7444.176
2025-11-28 15:56:33.426 INFO  c.k.k.core.webui.driver.DriverFactory    - platform = Windows 11
2025-11-28 15:56:33.427 INFO  c.k.k.core.webui.driver.DriverFactory    - seleniumVersion = 4.28.1
2025-11-28 15:56:33.438 INFO  c.k.k.core.webui.driver.DriverFactory    - proxyInformation = ProxyInformation { proxyOption=NO_PROXY, proxyServerType=HTTP, username=, password=********, proxyServerAddress=, proxyServerPort=0, executionList="", isApplyToDesiredCapabilities=true }
2025-11-28 15:56:33.501 DEBUG testcase.canClickProduct                 - 2: navigateToUrl("https://aristino.com/collections/trang-phuc")
2025-11-28 15:57:22.162 DEBUG testcase.canClickProduct                 - 3: alertObj = findTestObject("Object Repository/midtern/Page_Register/Page_alert/alert_nitification")
2025-11-28 15:57:22.255 DEBUG testcase.canClickProduct                 - 4: btnAllow = findTestObject("Object Repository/midtern/Page_Register/Page_alert/button_chophep")
2025-11-28 15:57:22.267 DEBUG testcase.canClickProduct                 - 5: btnCloseAd = findTestObject("Object Repository/midtern/Page_Register/Page_adventis/btn_closeAd")
2025-11-28 15:57:22.280 DEBUG testcase.canClickProduct                 - 6: if (waitForElementVisible(alertObj, 5, OPTIONAL))
2025-11-28 15:57:23.501 DEBUG testcase.canClickProduct                 - 1: click(btnAllow)
2025-11-28 15:57:24.283 DEBUG testcase.canClickProduct                 - 2: println("Đã click nút Cho phép.")
Đã click nút Cho phép.
2025-11-28 15:57:24.292 DEBUG testcase.canClickProduct                 - 7: if (waitForElementVisible(btnCloseAd, 5, OPTIONAL))
2025-11-28 15:57:24.347 DEBUG testcase.canClickProduct                 - 1: click(btnCloseAd)
2025-11-28 15:57:24.568 DEBUG testcase.canClickProduct                 - 2: println("Đã tắt quảng cáo.")
Đã tắt quảng cáo.
2025-11-28 15:57:24.572 DEBUG testcase.canClickProduct                 - 8: click(findTestObject("Object Repository/midtern/Page_home/product"))
2025-11-28 15:57:35.790 DEBUG testcase.canClickProduct                 - 9: if (waitForElementVisible(alertObj, 5, OPTIONAL))
2025-11-28 15:57:40.761 DEBUG testcase.canClickProduct                 - 1: click(btnAllow)
2025-11-28 15:57:41.152 DEBUG testcase.canClickProduct                 - 2: println("Đã click nút Cho phép.")
Đã click nút Cho phép.
2025-11-28 15:57:41.158 DEBUG testcase.canClickProduct                 - 10: if (waitForElementVisible(btnCloseAd, 5, OPTIONAL))
2025-11-28 15:57:41.224 DEBUG testcase.canClickProduct                 - 1: click(btnCloseAd)
2025-11-28 15:57:41.400 DEBUG testcase.canClickProduct                 - 2: println("Đã tắt quảng cáo.")
Đã tắt quảng cáo.
2025-11-28 15:57:41.406 DEBUG testcase.canClickProduct                 - 11: verifyElementText(findTestObject("Object Repository/midtern/Page_product-detail/button_addtocart"), "ĐẶT HÀNG TRƯỚC")
2025-11-28 15:57:41.507 DEBUG testcase.canClickProduct                 - 12: verifyElementClickable(findTestObject("midtern/Page_product-detail/size_S"))
2025-11-28 15:57:41.951 DEBUG testcase.canClickProduct                 - 13: verifyElementClickable(findTestObject("midtern/Page_product-detail/size_M"))
2025-11-28 15:57:42.268 DEBUG testcase.canClickProduct                 - 14: verifyElementClickable(findTestObject("midtern/Page_product-detail/size_L"))
2025-11-28 15:57:42.566 DEBUG testcase.canClickProduct                 - 15: verifyElementClickable(findTestObject("midtern/Page_product-detail/size_XL"))
2025-11-28 15:57:42.864 DEBUG testcase.canClickProduct                 - 16: verifyElementClickable(findTestObject("midtern/Page_product-detail/size_XXL"))
2025-11-28 15:57:43.164 DEBUG testcase.canClickProduct                 - 17: verifyElementVisible(findTestObject("midtern/Page_product-detail/div_image"))
2025-11-28 15:57:43.220 DEBUG testcase.canClickProduct                 - 18: verifyElementVisible(findTestObject("midtern/Page_product-detail/div_image"))
2025-11-28 15:57:43.272 DEBUG testcase.canClickProduct                 - 19: click(findTestObject("midtern/Page_product-detail/div_image"))
2025-11-28 15:57:43.441 INFO  c.k.katalon.core.main.TestCaseExecutor   - END Test Cases/midtern/product-Detail/canClickProduct
2025-11-28 15:57:43.448 INFO  c.k.katalon.core.main.TestCaseExecutor   - --------------------
2025-11-28 15:57:43.448 INFO  c.k.katalon.core.main.TestCaseExecutor   - START Test Cases/midtern/product-Detail/image
2025-11-28 15:57:43.543 DEBUG testcase.image                           - 1: click(findTestObject("Object Repository/midtern/Page_product-detail/img_product"))
2025-11-28 15:57:44.095 DEBUG testcase.image                           - 2: click(findTestObject("Object Repository/midtern/Page_product-detail/button_next_img"))
2025-11-28 15:57:44.714 DEBUG testcase.image                           - 3: click(findTestObject("Object Repository/midtern/Page_product-detail/button_next_img"))
2025-11-28 15:57:45.306 DEBUG testcase.image                           - 4: click(findTestObject("Object Repository/midtern/Page_product-detail/button_next_img"))
2025-11-28 15:57:45.896 DEBUG testcase.image                           - 5: click(findTestObject("Object Repository/midtern/Page_product-detail/button_next_img"))
2025-11-28 15:57:46.479 DEBUG testcase.image                           - 6: click(findTestObject("Object Repository/midtern/Page_product-detail/button_next_img"))
2025-11-28 15:57:47.064 DEBUG testcase.image                           - 7: click(findTestObject("Object Repository/midtern/Page_product-detail/button_zoom"))
2025-11-28 15:57:47.767 DEBUG testcase.image                           - 8: click(findTestObject("Object Repository/midtern/Page_product-detail/button_zoom"))
2025-11-28 15:57:48.246 DEBUG testcase.image                           - 9: click(findTestObject("Object Repository/midtern/Page_product-detail/button_zoom_in"))
2025-11-28 15:57:48.830 DEBUG testcase.image                           - 10: click(findTestObject("Object Repository/midtern/Page_product-detail/button_zoom_out"))
2025-11-28 15:57:49.418 DEBUG testcase.image                           - 11: click(findTestObject("midtern/Page_product-detail/button_closeImg"))
2025-11-28 15:57:49.617 INFO  c.k.katalon.core.main.TestCaseExecutor   - END Test Cases/midtern/product-Detail/image
2025-11-28 15:57:49.621 INFO  c.k.katalon.core.main.TestCaseExecutor   - --------------------
2025-11-28 15:57:49.621 INFO  c.k.katalon.core.main.TestCaseExecutor   - START Test Cases/midtern/product-Detail/add-to-cart-from-pd
2025-11-28 15:57:49.710 DEBUG testcase.add-to-cart-from-pd             - 1: click(findTestObject("Object Repository/midtern/Page_productp/label_chose_color"))
2025-11-28 15:58:19.733 WARN  c.k.k.c.w.keyword.builtin.ClickKeyword   - Waiting for element timed out
2025-11-28 15:58:19.841 DEBUG testcase.add-to-cart-from-pd             - 2: click(findTestObject("Object Repository/midtern/Page_productp/lsize_M"))
2025-11-28 15:58:20.438 DEBUG testcase.add-to-cart-from-pd             - 3: click(findTestObject("Object Repository/midtern/Page_productp/saddtocart"))
2025-11-28 15:58:21.060 DEBUG testcase.add-to-cart-from-pd             - 4: verifyElementText(findTestObject("Object Repository/midtern/Page_productp/titleGiohang"), "GIỎ HÀNG")
2025-11-28 15:58:22.806 DEBUG testcase.add-to-cart-from-pd             - 5: click(findTestObject("Object Repository/midtern/Page_productp/add1"))
2025-11-28 15:58:23.196 DEBUG testcase.add-to-cart-from-pd             - 6: click(findTestObject("midtern/Page_product-detail/sclose_cart"))
2025-11-28 15:58:23.849 INFO  c.k.katalon.core.main.TestCaseExecutor   - END Test Cases/midtern/product-Detail/add-to-cart-from-pd
2025-11-28 15:58:23.852 INFO  c.k.katalon.core.main.TestCaseExecutor   - --------------------
2025-11-28 15:58:23.853 INFO  c.k.katalon.core.main.TestCaseExecutor   - START Test Cases/midtern/product-Detail/product-relative
2025-11-28 15:58:23.933 DEBUG testcase.product-relative                - 1: verifyElementPresent(findTestObject("Object Repository/midtern/Page_product-detail/div_product-relatetive-list"), 0)
2025-11-28 15:58:23.964 WARN  c.k.k.c.webui.common.WebUiCommonHelper   - Timeout '0' is invalid. Using default page load timeout: '30'
2025-11-28 15:58:24.661 DEBUG testcase.product-relative                - 2: verifyElementClickable(findTestObject("Object Repository/midtern/Page_product-detail/a_product-relative"))
2025-11-28 15:58:34.407 DEBUG testcase.product-relative                - 3: click(findTestObject("Object Repository/midtern/Page_product-detail/a_product-relative"))
2025-11-28 15:58:39.868 INFO  c.k.katalon.core.main.TestCaseExecutor   - END Test Cases/midtern/product-Detail/product-relative
2025-11-28 15:58:40.230 INFO  c.k.katalon.core.main.TestSuiteExecutor  - --------------------
2025-11-28 15:58:40.230 INFO  c.k.katalon.core.main.TestSuiteExecutor  - END Test Suites/midtern-product-detail
2025-11-28 15:58:40.230 INFO  c.k.katalon.core.main.TestSuiteExecutor  - ====================
