2025-11-28 16:04:28.237 INFO  c.k.k.c.l.logback.LogbackConfigurator    - Logback default configuration initialized from: C:\Users\tam14\.katalon\packages\KSE-10.4.0\configuration\org.eclipse.osgi\131\0\.cp\resources\logback\logback-execution.xml
2025-11-28 16:04:28.242 INFO  c.k.k.c.l.logback.LogbackConfigurator    - Logback custom configuration initialized from: C:\Users\tam14\Katalon Studio\tester assignment midtern\Include\config\log.properties
2025-11-28 16:04:28.717 INFO  c.k.katalon.core.main.TestSuiteExecutor  - START Test Suites/midtern-product-detail
2025-11-28 16:04:28.810 INFO  c.k.katalon.core.main.TestSuiteExecutor  - userFullName = Lê Thanh Tâm
2025-11-28 16:04:28.811 INFO  c.k.katalon.core.main.TestSuiteExecutor  - projectName = shopping-cart-tests
2025-11-28 16:04:28.812 INFO  c.k.katalon.core.main.TestSuiteExecutor  - hostName = tam14 - thanh_tam
2025-11-28 16:04:28.812 INFO  c.k.katalon.core.main.TestSuiteExecutor  - os = Windows 11 64bit
2025-11-28 16:04:28.813 INFO  c.k.katalon.core.main.TestSuiteExecutor  - hostAddress = 10.51.143.179
2025-11-28 16:04:28.814 INFO  c.k.katalon.core.main.TestSuiteExecutor  - katalonVersion = 10.4.0.0
2025-11-28 16:04:29.479 INFO  c.k.katalon.core.main.TestCaseExecutor   - --------------------
2025-11-28 16:04:29.480 INFO  c.k.katalon.core.main.TestCaseExecutor   - START Test Cases/midtern/product-Detail/canClickProduct
2025-11-28 16:04:29.649 DEBUG testcase.canClickProduct                 - 1: openBrowser("")
2025-11-28 16:04:29.993 INFO  c.k.k.core.webui.driver.DriverFactory    - Starting 'Chrome' driver
2025-11-28 16:04:30.004 INFO  c.k.k.c.w.util.WebDriverPropertyUtil     - User set preference: ['prefs', '{profile.password_manager_leak_detection=false}']
2025-11-28 16:04:30.072 INFO  c.k.k.core.webui.driver.DriverFactory    - Action delay is set to 0 milliseconds
Nov 28, 2025 4:04:31 PM org.openqa.selenium.devtools.CdpVersionFinder findNearestMatch
WARNING: Unable to find an exact match for CDP version 142, returning the closest version; found: 138; Please update to a Selenium version that supports CDP version 142
2025-11-28 16:04:32.136 INFO  c.k.k.core.webui.driver.DriverFactory    - sessionId = 8a1638b8a7aa4457948fb4e6e114bd9e
2025-11-28 16:04:32.138 INFO  c.k.k.core.webui.driver.DriverFactory    - browser = Chrome 142.0.7444.176
2025-11-28 16:04:32.139 INFO  c.k.k.core.webui.driver.DriverFactory    - platform = Windows 11
2025-11-28 16:04:32.140 INFO  c.k.k.core.webui.driver.DriverFactory    - seleniumVersion = 4.28.1
2025-11-28 16:04:32.157 INFO  c.k.k.core.webui.driver.DriverFactory    - proxyInformation = ProxyInformation { proxyOption=NO_PROXY, proxyServerType=HTTP, username=, password=********, proxyServerAddress=, proxyServerPort=0, executionList="", isApplyToDesiredCapabilities=true }
2025-11-28 16:04:32.216 DEBUG testcase.canClickProduct                 - 2: navigateToUrl("https://aristino.com/collections/trang-phuc")
2025-11-28 16:05:21.160 DEBUG testcase.canClickProduct                 - 3: alertObj = findTestObject("Object Repository/midtern/Page_Register/Page_alert/alert_nitification")
2025-11-28 16:05:21.253 DEBUG testcase.canClickProduct                 - 4: btnAllow = findTestObject("Object Repository/midtern/Page_Register/Page_alert/button_chophep")
2025-11-28 16:05:21.266 DEBUG testcase.canClickProduct                 - 5: btnCloseAd = findTestObject("Object Repository/midtern/Page_Register/Page_adventis/btn_closeAd")
2025-11-28 16:05:21.276 DEBUG testcase.canClickProduct                 - 6: if (waitForElementVisible(alertObj, 5, OPTIONAL))
2025-11-28 16:05:21.852 DEBUG testcase.canClickProduct                 - 1: click(btnAllow)
2025-11-28 16:05:22.566 DEBUG testcase.canClickProduct                 - 2: println("Đã click nút Cho phép.")
Đã click nút Cho phép.
2025-11-28 16:05:22.574 DEBUG testcase.canClickProduct                 - 7: if (waitForElementVisible(btnCloseAd, 5, OPTIONAL))
2025-11-28 16:05:22.631 DEBUG testcase.canClickProduct                 - 1: click(btnCloseAd)
2025-11-28 16:05:22.830 DEBUG testcase.canClickProduct                 - 2: println("Đã tắt quảng cáo.")
Đã tắt quảng cáo.
2025-11-28 16:05:22.834 DEBUG testcase.canClickProduct                 - 8: click(findTestObject("Object Repository/midtern/Page_home/product"))
2025-11-28 16:05:33.641 DEBUG testcase.canClickProduct                 - 9: if (waitForElementVisible(alertObj, 5, OPTIONAL))
2025-11-28 16:05:34.956 DEBUG testcase.canClickProduct                 - 1: click(btnAllow)
2025-11-28 16:05:35.867 DEBUG testcase.canClickProduct                 - 2: println("Đã click nút Cho phép.")
Đã click nút Cho phép.
2025-11-28 16:05:35.872 DEBUG testcase.canClickProduct                 - 10: if (waitForElementVisible(btnCloseAd, 5, OPTIONAL))
2025-11-28 16:05:35.915 DEBUG testcase.canClickProduct                 - 1: click(btnCloseAd)
2025-11-28 16:05:36.096 DEBUG testcase.canClickProduct                 - 2: println("Đã tắt quảng cáo.")
Đã tắt quảng cáo.
2025-11-28 16:05:36.101 DEBUG testcase.canClickProduct                 - 11: verifyElementText(findTestObject("Object Repository/midtern/Page_product-detail/button_addtocart"), "ĐẶT HÀNG TRƯỚC")
2025-11-28 16:05:36.191 DEBUG testcase.canClickProduct                 - 12: verifyElementClickable(findTestObject("midtern/Page_product-detail/size_S"))
2025-11-28 16:05:36.731 DEBUG testcase.canClickProduct                 - 13: verifyElementClickable(findTestObject("midtern/Page_product-detail/size_M"))
2025-11-28 16:05:37.033 DEBUG testcase.canClickProduct                 - 14: verifyElementClickable(findTestObject("midtern/Page_product-detail/size_L"))
2025-11-28 16:05:37.338 DEBUG testcase.canClickProduct                 - 15: verifyElementClickable(findTestObject("midtern/Page_product-detail/size_XL"))
2025-11-28 16:05:37.636 DEBUG testcase.canClickProduct                 - 16: verifyElementClickable(findTestObject("midtern/Page_product-detail/size_XXL"))
2025-11-28 16:05:38.140 DEBUG testcase.canClickProduct                 - 17: verifyElementVisible(findTestObject("midtern/Page_product-detail/div_image"))
2025-11-28 16:05:38.188 DEBUG testcase.canClickProduct                 - 18: verifyElementVisible(findTestObject("midtern/Page_product-detail/div_image"))
2025-11-28 16:05:38.225 DEBUG testcase.canClickProduct                 - 19: click(findTestObject("midtern/Page_product-detail/div_image"))
2025-11-28 16:05:38.386 INFO  c.k.katalon.core.main.TestCaseExecutor   - END Test Cases/midtern/product-Detail/canClickProduct
2025-11-28 16:05:38.393 INFO  c.k.katalon.core.main.TestCaseExecutor   - --------------------
2025-11-28 16:05:38.393 INFO  c.k.katalon.core.main.TestCaseExecutor   - START Test Cases/midtern/product-Detail/product-relative
2025-11-28 16:05:38.457 DEBUG testcase.product-relative                - 1: delay(5)
2025-11-28 16:05:43.511 DEBUG testcase.product-relative                - 2: verifyElementPresent(findTestObject("Object Repository/midtern/Page_product-detail/div_product-relatetive-list"), 0)
2025-11-28 16:05:43.539 WARN  c.k.k.c.webui.common.WebUiCommonHelper   - Timeout '0' is invalid. Using default page load timeout: '30'
2025-11-28 16:05:43.511 DEBUG testcase.product-relative                - 2: verifyElementPresent(findTestObject("Object Repository/midtern/Page_product-detail/div_product-relatetive-list"), 0)
2025-11-28 16:05:43.539 WARN  c.k.k.c.webui.common.WebUiCommonHelper   - Timeout '0' is invalid. Using default page load timeout: '30'
2025-11-28 16:05:43.893 DEBUG testcase.product-relative                - 3: verifyElementClickable(findTestObject("Object Repository/midtern/Page_product-detail/a_product-relative"))
2025-11-28 16:05:43.986 DEBUG testcase.product-relative                - 4: click(findTestObject("Object Repository/midtern/Page_product-detail/a_product-relative"))
2025-11-28 16:05:55.904 INFO  c.k.katalon.core.main.TestCaseExecutor   - END Test Cases/midtern/product-Detail/product-relative
2025-11-28 16:05:56.286 INFO  c.k.katalon.core.main.TestSuiteExecutor  - --------------------
2025-11-28 16:05:56.286 INFO  c.k.katalon.core.main.TestSuiteExecutor  - END Test Suites/midtern-product-detail
2025-11-28 16:05:56.286 INFO  c.k.katalon.core.main.TestSuiteExecutor  - ====================
