2025-11-28 15:38:17.696 INFO  c.k.k.c.l.logback.LogbackConfigurator    - Logback default configuration initialized from: C:\Users\tam14\.katalon\packages\KSE-10.4.0\configuration\org.eclipse.osgi\131\0\.cp\resources\logback\logback-execution.xml
2025-11-28 15:38:17.701 INFO  c.k.k.c.l.logback.LogbackConfigurator    - Logback custom configuration initialized from: C:\Users\tam14\Katalon Studio\tester assignment midtern\Include\config\log.properties
2025-11-28 15:38:18.239 INFO  c.k.katalon.core.main.TestSuiteExecutor  - START Test Suites/midtern-product-detail
2025-11-28 15:38:18.329 INFO  c.k.katalon.core.main.TestSuiteExecutor  - userFullName = Lê Thanh Tâm
2025-11-28 15:38:18.330 INFO  c.k.katalon.core.main.TestSuiteExecutor  - projectName = shopping-cart-tests
2025-11-28 15:38:18.331 INFO  c.k.katalon.core.main.TestSuiteExecutor  - hostName = tam14 - thanh_tam
2025-11-28 15:38:18.332 INFO  c.k.katalon.core.main.TestSuiteExecutor  - os = Windows 11 64bit
2025-11-28 15:38:18.334 INFO  c.k.katalon.core.main.TestSuiteExecutor  - hostAddress = 10.51.143.179
2025-11-28 15:38:18.335 INFO  c.k.katalon.core.main.TestSuiteExecutor  - katalonVersion = 10.4.0.0
2025-11-28 15:38:19.126 INFO  c.k.katalon.core.main.TestCaseExecutor   - --------------------
2025-11-28 15:38:19.127 INFO  c.k.katalon.core.main.TestCaseExecutor   - START Test Cases/midtern/product-Detail/canClickProduct
2025-11-28 15:38:19.327 DEBUG testcase.canClickProduct                 - 1: openBrowser("")
2025-11-28 15:38:19.739 INFO  c.k.k.core.webui.driver.DriverFactory    - Starting 'Edge Chromium' driver
2025-11-28 15:38:19.850 INFO  c.k.k.core.webui.driver.DriverFactory    - Action delay is set to 0 milliseconds
Nov 28, 2025 3:38:21 PM org.openqa.selenium.devtools.CdpVersionFinder findNearestMatch
WARNING: Unable to find an exact match for CDP version 142, returning the closest version; found: 138; Please update to a Selenium version that supports CDP version 142
2025-11-28 15:38:22.062 INFO  c.k.k.core.webui.driver.DriverFactory    - sessionId = 74cf2095fa173653f12779566951d1dc
2025-11-28 15:38:22.063 INFO  c.k.k.core.webui.driver.DriverFactory    - browser = Edge Chromium 142.0.3595.94
2025-11-28 15:38:22.065 INFO  c.k.k.core.webui.driver.DriverFactory    - platform = Windows 11
2025-11-28 15:38:22.066 INFO  c.k.k.core.webui.driver.DriverFactory    - seleniumVersion = 4.28.1
2025-11-28 15:38:22.079 INFO  c.k.k.core.webui.driver.DriverFactory    - proxyInformation = ProxyInformation { proxyOption=NO_PROXY, proxyServerType=HTTP, username=, password=********, proxyServerAddress=, proxyServerPort=0, executionList="", isApplyToDesiredCapabilities=true }
2025-11-28 15:38:22.143 DEBUG testcase.canClickProduct                 - 2: navigateToUrl("https://aristino.com/collections/trang-phuc")
2025-11-28 15:39:03.033 DEBUG testcase.canClickProduct                 - 3: alertObj = findTestObject("Object Repository/midtern/Page_Register/Page_alert/alert_nitification")
2025-11-28 15:39:03.127 DEBUG testcase.canClickProduct                 - 4: btnAllow = findTestObject("Object Repository/midtern/Page_Register/Page_alert/button_chophep")
2025-11-28 15:39:03.141 DEBUG testcase.canClickProduct                 - 5: btnCloseAd = findTestObject("Object Repository/midtern/Page_Register/Page_adventis/btn_closeAd")
2025-11-28 15:39:03.151 DEBUG testcase.canClickProduct                 - 6: if (waitForElementVisible(alertObj, 5, OPTIONAL))
2025-11-28 15:39:04.352 DEBUG testcase.canClickProduct                 - 1: click(btnAllow)
2025-11-28 15:39:04.849 DEBUG testcase.canClickProduct                 - 2: println("Đã click nút Cho phép.")
Đã click nút Cho phép.
2025-11-28 15:39:04.863 DEBUG testcase.canClickProduct                 - 7: if (waitForElementVisible(btnCloseAd, 5, OPTIONAL))
2025-11-28 15:39:04.958 DEBUG testcase.canClickProduct                 - 1: click(btnCloseAd)
2025-11-28 15:39:05.188 DEBUG testcase.canClickProduct                 - 2: println("Đã tắt quảng cáo.")
Đã tắt quảng cáo.
2025-11-28 15:39:05.195 DEBUG testcase.canClickProduct                 - 8: click(findTestObject("Object Repository/midtern/Page_home/product"))
2025-11-28 15:39:09.278 DEBUG testcase.canClickProduct                 - 9: if (waitForElementVisible(alertObj, 5, OPTIONAL))
Nov 28, 2025 3:39:09 PM org.openqa.selenium.remote.http.WebSocket$Listener onError
WARNING: Connection reset
java.net.SocketException: Connection reset
	at java.base/sun.nio.ch.SocketChannelImpl.throwConnectionReset(SocketChannelImpl.java:394)
	at java.base/sun.nio.ch.SocketChannelImpl.read(SocketChannelImpl.java:426)
	at java.net.http/jdk.internal.net.http.SocketTube.readAvailable(SocketTube.java:1170)
	at java.net.http/jdk.internal.net.http.SocketTube$InternalReadPublisher$InternalReadSubscription.read(SocketTube.java:833)
	at java.net.http/jdk.internal.net.http.SocketTube$SocketFlowTask.run(SocketTube.java:181)
	at java.net.http/jdk.internal.net.http.common.SequentialScheduler$SchedulableTask.run(SequentialScheduler.java:230)
	at java.net.http/jdk.internal.net.http.common.SequentialScheduler.runOrSchedule(SequentialScheduler.java:303)
	at java.net.http/jdk.internal.net.http.common.SequentialScheduler.runOrSchedule(SequentialScheduler.java:256)
	at java.net.http/jdk.internal.net.http.SocketTube$InternalReadPublisher$InternalReadSubscription.signalReadable(SocketTube.java:774)
	at java.net.http/jdk.internal.net.http.SocketTube$InternalReadPublisher$ReadEvent.signalEvent(SocketTube.java:957)
	at java.net.http/jdk.internal.net.http.SocketTube$SocketFlowEvent.handle(SocketTube.java:253)
	at java.net.http/jdk.internal.net.http.HttpClientImpl$SelectorManager.handleEvent(HttpClientImpl.java:984)
	at java.net.http/jdk.internal.net.http.HttpClientImpl$SelectorManager.lambda$run$3(HttpClientImpl.java:939)
	at java.base/java.util.ArrayList.forEach(ArrayList.java:1511)
	at java.net.http/jdk.internal.net.http.HttpClientImpl$SelectorManager.run(HttpClientImpl.java:939)

